# JRE version: OpenJDK Runtime Environment (17.0.11) (build 17.0.11+0--11852314)
# Java VM: OpenJDK 64-Bit Server VM (17.0.11+0--11852314, mixed mode, tiered, compressed oops, compressed class ptrs, g1 gc, windows-amd64)
GC Precious Log:
 CPUs: 4 total, 4 available
 Memory: 7810M
 Large Page Support: Disabled
 NUMA Support: Disabled
 Compressed Oops: Enabled (32-bit)
 Heap Region Size: 1M
 Heap Min Capacity: 8M
 Heap Initial Capacity: 124M
 Heap Max Capacity: 2G
 Pre-touch: Disabled
 Parallel Workers: 4
 Concurrent Workers: 1
 Concurrent Refinement Workers: 4
 Periodic GC: Disabled
Heap:
 garbage-first heap   total 301056K, used 247818K [0x0000000080000000, 0x0000000100000000)
  region size 1024K, 50 young (51200K), 8 survivors (8192K)
 Metaspace       used 145578K, committed 146496K, reserved 1179648K
  class space    used 19603K, committed 20032K, reserved 1048576K
GC Heap History (20 events):
Event: 51.414 GC heap before
{Heap before GC invocations=64 (full 0):
 garbage-first heap   total 250880K, used 209744K [0x0000000080000000, 0x0000000100000000)
  region size 1024K, 32 young (32768K), 3 survivors (3072K)
 Metaspace       used 125443K, committed 126272K, reserved 1179648K
  class space    used 16674K, committed 17024K, reserved 1048576K
}
Event: 51.422 GC heap after
{Heap after GC invocations=65 (full 0):
 garbage-first heap   total 250880K, used 181582K [0x0000000080000000, 0x0000000100000000)
  region size 1024K, 2 young (2048K), 2 survivors (2048K)
 Metaspace       used 125443K, committed 126272K, reserved 1179648K
  class space    used 16674K, committed 17024K, reserved 1048576K
}
Event: 52.267 GC heap before
{Heap before GC invocations=65 (full 0):
 garbage-first heap   total 250880K, used 210254K [0x0000000080000000, 0x0000000100000000)
  region size 1024K, 31 young (31744K), 2 survivors (2048K)
 Metaspace       used 125911K, committed 126720K, reserved 1179648K
  class space    used 16706K, committed 17024K, reserved 1048576K
}
Event: 52.277 GC heap after
{Heap after GC invocations=66 (full 0):
 garbage-first heap   total 250880K, used 182884K [0x0000000080000000, 0x0000000100000000)
  region size 1024K, 3 young (3072K), 3 survivors (3072K)
 Metaspace       used 125911K, committed 126720K, reserved 1179648K
  class space    used 16706K, committed 17024K, reserved 1048576K
}
Event: 52.806 GC heap before
{Heap before GC invocations=66 (full 0):
 garbage-first heap   total 250880K, used 213604K [0x0000000080000000, 0x0000000100000000)
  region size 1024K, 32 young (32768K), 3 survivors (3072K)
 Metaspace       used 126917K, committed 127744K, reserved 1179648K
  class space    used 16845K, committed 17216K, reserved 1048576K
}
Event: 52.815 GC heap after
{Heap after GC invocations=67 (full 0):
 garbage-first heap   total 250880K, used 185520K [0x0000000080000000, 0x0000000100000000)
  region size 1024K, 4 young (4096K), 4 survivors (4096K)
 Metaspace       used 126917K, committed 127744K, reserved 1179648K
  class space    used 16845K, committed 17216K, reserved 1048576K
}
Event: 53.373 GC heap before
{Heap before GC invocations=67 (full 0):
 garbage-first heap   total 250880K, used 213168K [0x0000000080000000, 0x0000000100000000)
  region size 1024K, 32 young (32768K), 4 survivors (4096K)
 Metaspace       used 129533K, committed 130304K, reserved 1179648K
  class space    used 17225K, committed 17536K, reserved 1048576K
}
Event: 53.382 GC heap after
{Heap after GC invocations=68 (full 0):
 garbage-first heap   total 250880K, used 187949K [0x0000000080000000, 0x0000000100000000)
  region size 1024K, 3 young (3072K), 3 survivors (3072K)
 Metaspace       used 129533K, committed 130304K, reserved 1179648K
  class space    used 17225K, committed 17536K, reserved 1048576K
}
Event: 53.713 GC heap before
{Heap before GC invocations=68 (full 0):
 garbage-first heap   total 250880K, used 213549K [0x0000000080000000, 0x0000000100000000)
  region size 1024K, 29 young (29696K), 3 survivors (3072K)
 Metaspace       used 131261K, committed 132032K, reserved 1179648K
  class space    used 17463K, committed 17792K, reserved 1048576K
}
Event: 53.726 GC heap after
{Heap after GC invocations=69 (full 0):
 garbage-first heap   total 250880K, used 193661K [0x0000000080000000, 0x0000000100000000)
  region size 1024K, 4 young (4096K), 4 survivors (4096K)
 Metaspace       used 131261K, committed 132032K, reserved 1179648K
  class space    used 17463K, committed 17792K, reserved 1048576K
}
Event: 54.031 GC heap before
{Heap before GC invocations=69 (full 0):
 garbage-first heap   total 250880K, used 213117K [0x0000000080000000, 0x0000000100000000)
  region size 1024K, 24 young (24576K), 4 survivors (4096K)
 Metaspace       used 133398K, committed 134144K, reserved 1179648K
  class space    used 17800K, committed 18112K, reserved 1048576K
}
Event: 54.042 GC heap after
{Heap after GC invocations=70 (full 0):
 garbage-first heap   total 250880K, used 195814K [0x0000000080000000, 0x0000000100000000)
  region size 1024K, 2 young (2048K), 2 survivors (2048K)
 Metaspace       used 133398K, committed 134144K, reserved 1179648K
  class space    used 17800K, committed 18112K, reserved 1048576K
}
Event: 54.357 GC heap before
{Heap before GC invocations=70 (full 0):
 garbage-first heap   total 250880K, used 214246K [0x0000000080000000, 0x0000000100000000)
  region size 1024K, 21 young (21504K), 2 survivors (2048K)
 Metaspace       used 135570K, committed 136384K, reserved 1179648K
  class space    used 18141K, committed 18496K, reserved 1048576K
}
Event: 54.366 GC heap after
{Heap after GC invocations=71 (full 0):
 garbage-first heap   total 301056K, used 196409K [0x0000000080000000, 0x0000000100000000)
  region size 1024K, 3 young (3072K), 3 survivors (3072K)
 Metaspace       used 135570K, committed 136384K, reserved 1179648K
  class space    used 18141K, committed 18496K, reserved 1048576K
}
Event: 55.464 GC heap before
{Heap before GC invocations=71 (full 0):
 garbage-first heap   total 301056K, used 250681K [0x0000000080000000, 0x0000000100000000)
  region size 1024K, 57 young (58368K), 3 survivors (3072K)
 Metaspace       used 140571K, committed 141504K, reserved 1179648K
  class space    used 18908K, committed 19328K, reserved 1048576K
}
Event: 55.477 GC heap after
{Heap after GC invocations=72 (full 0):
 garbage-first heap   total 301056K, used 200026K [0x0000000080000000, 0x0000000100000000)
  region size 1024K, 6 young (6144K), 6 survivors (6144K)
 Metaspace       used 140571K, committed 141504K, reserved 1179648K
  class space    used 18908K, committed 19328K, reserved 1048576K
}
Event: 56.355 GC heap before
{Heap before GC invocations=72 (full 0):
 garbage-first heap   total 301056K, used 252250K [0x0000000080000000, 0x0000000100000000)
  region size 1024K, 58 young (59392K), 6 survivors (6144K)
 Metaspace       used 142195K, committed 143104K, reserved 1179648K
  class space    used 19106K, committed 19520K, reserved 1048576K
}
Event: 56.367 GC heap after
{Heap after GC invocations=73 (full 0):
 garbage-first heap   total 301056K, used 198817K [0x0000000080000000, 0x0000000100000000)
  region size 1024K, 3 young (3072K), 3 survivors (3072K)
 Metaspace       used 142195K, committed 143104K, reserved 1179648K
  class space    used 19106K, committed 19520K, reserved 1048576K
}
Event: 57.278 GC heap before
{Heap before GC invocations=73 (full 0):
 garbage-first heap   total 301056K, used 256161K [0x0000000080000000, 0x0000000100000000)
  region size 1024K, 59 young (60416K), 3 survivors (3072K)
 Metaspace       used 144784K, committed 145664K, reserved 1179648K
  class space    used 19491K, committed 19904K, reserved 1048576K
}
Event: 57.290 GC heap after
{Heap after GC invocations=74 (full 0):
 garbage-first heap   total 301056K, used 203786K [0x0000000080000000, 0x0000000100000000)
  region size 1024K, 8 young (8192K), 8 survivors (8192K)
 Metaspace       used 144784K, committed 145664K, reserved 1179648K
  class space    used 19491K, committed 19904K, reserved 1048576K
}

